<?xml version="1.0" encoding="UTF-8"?>
<testsuite name="com.automation.tests.ApiTest" tests="1" skipped="0" failures="0" errors="0" timestamp="2021-11-20T13:45:59" hostname="Bashiuls-MacBook-Air.local" time="1.069">
  <properties/>
  <testcase name="checkPlaceName()" classname="com.automation.tests.ApiTest" time="1.069"/>
  <system-out><![CDATA[]]></system-out>
  <system-err><![CDATA[]]></system-err>
</testsuite>
